<?xml version="1.0" encoding="UTF-8"?>
<!-- Generated by org.testng.reporters.JUnitReportReporter -->
<testsuite skipped="0" hostname="acomputasnoname" name="org.tsn.base.BaseSetup" tests="1" failures="0" timestamp="29 Nov 2019 14:55:22 GMT" time="0.007" errors="0">
  <testcase name="printText" time="0.007" classname="org.tsn.base.BaseSetup"/>
</testsuite> <!-- org.tsn.base.BaseSetup -->
