<?xml version="1.0" encoding="UTF-8"?>
<!-- Generated by org.testng.reporters.JUnitReportReporter -->
<testsuite skipped="0" hostname="acomputasnoname" name="org.tsn.test.IOSAutomation" tests="1" failures="0" timestamp="29 Nov 2019 19:42:32 GMT" time="84.839" errors="0">
  <testcase name="TSN_iOS_Automation_Suite" time="84.839" classname="org.tsn.test.IOSAutomation"/>
</testsuite> <!-- org.tsn.test.IOSAutomation -->
