<?xml version="1.0" encoding="UTF-8"?>
<!-- Generated by org.testng.reporters.JUnitReportReporter -->
<testsuite skipped="0" hostname="acomputasnoname" name="org.tsn.test.AndroidAutomation" tests="1" failures="0" timestamp="29 Nov 2019 19:14:24 GMT" time="41.981" errors="0">
  <testcase name="TSN_Android_Automation_Suite" time="41.981" classname="org.tsn.test.AndroidAutomation"/>
</testsuite> <!-- org.tsn.test.AndroidAutomation -->
